<?xml version="1.0" encoding="UTF-8" standalone="yes"?><!DOCTYPE report PUBLIC "-//JACOCO//DTD Report 1.0//EN" "report.dtd"><report name="my-junit"><sessioninfo id="Accolite-PC-1a80dffd" start="1405522693850" dump="1405522694692"/><package name="com/junit/app"><class name="com/junit/app/Fraction"><method name="&lt;clinit&gt;" desc="()V" line="33"><counter type="INSTRUCTION" missed="0" covered="73"/><counter type="LINE" missed="0" covered="12"/><counter type="COMPLEXITY" missed="0" covered="1"/><counter type="METHOD" missed="0" covered="1"/></method><method name="&lt;init&gt;" desc="(II)V" line="92"><counter type="INSTRUCTION" missed="0" covered="18"/><counter type="LINE" missed="0" covered="7"/><counter type="COMPLEXITY" missed="0" covered="1"/><counter type="METHOD" missed="0" covered="1"/></method><method name="getFraction" desc="(II)Lcom/junit/app/Fraction;" line="128"><counter type="INSTRUCTION" missed="0" covered="32"/><counter type="BRANCH" missed="1" covered="7"/><counter type="LINE" missed="0" covered="9"/><counter type="COMPLEXITY" missed="1" covered="4"/><counter type="METHOD" missed="0" covered="1"/></method><method name="getFraction" desc="(III)Lcom/junit/app/Fraction;" line="158"><counter type="INSTRUCTION" missed="5" covered="57"/><counter type="BRANCH" missed="2" covered="10"/><counter type="LINE" missed="1" covered="13"/><counter type="COMPLEXITY" missed="2" covered="5"/><counter type="METHOD" missed="0" covered="1"/></method><method name="getReducedFraction" desc="(II)Lcom/junit/app/Fraction;" line="195"><counter type="INSTRUCTION" missed="17" covered="46"/><counter type="BRANCH" missed="5" covered="9"/><counter type="LINE" missed="2" covered="14"/><counter type="COMPLEXITY" missed="4" covered="4"/><counter type="METHOD" missed="0" covered="1"/></method><method name="getFraction" desc="(D)Lcom/junit/app/Fraction;" line="235"><counter type="INSTRUCTION" missed="5" covered="142"/><counter type="BRANCH" missed="3" covered="13"/><counter type="LINE" missed="1" covered="41"/><counter type="COMPLEXITY" missed="3" covered="6"/><counter type="METHOD" missed="0" covered="1"/></method><method name="getFraction" desc="(Ljava/lang/String;)Lcom/junit/app/Fraction;" line="305"><counter type="INSTRUCTION" missed="5" covered="87"/><counter type="BRANCH" missed="1" covered="9"/><counter type="LINE" missed="1" covered="20"/><counter type="COMPLEXITY" missed="1" covered="5"/><counter type="METHOD" missed="0" covered="1"/></method><method name="getNumerator" desc="()I" line="353"><counter type="INSTRUCTION" missed="0" covered="3"/><counter type="LINE" missed="0" covered="1"/><counter type="COMPLEXITY" missed="0" covered="1"/><counter type="METHOD" missed="0" covered="1"/></method><method name="getDenominator" desc="()I" line="362"><counter type="INSTRUCTION" missed="0" covered="3"/><counter type="LINE" missed="0" covered="1"/><counter type="COMPLEXITY" missed="0" covered="1"/><counter type="METHOD" missed="0" covered="1"/></method><method name="getProperNumerator" desc="()I" line="377"><counter type="INSTRUCTION" missed="0" covered="7"/><counter type="LINE" missed="0" covered="1"/><counter type="COMPLEXITY" missed="0" covered="1"/><counter type="METHOD" missed="0" covered="1"/></method><method name="getProperWhole" desc="()I" line="392"><counter type="INSTRUCTION" missed="0" covered="6"/><counter type="LINE" missed="0" covered="1"/><counter type="COMPLEXITY" missed="0" covered="1"/><counter type="METHOD" missed="0" covered="1"/></method><method name="intValue" desc="()I" line="406"><counter type="INSTRUCTION" missed="0" covered="6"/><counter type="LINE" missed="0" covered="1"/><counter type="COMPLEXITY" missed="0" covered="1"/><counter type="METHOD" missed="0" covered="1"/></method><method name="longValue" desc="()J" line="417"><counter type="INSTRUCTION" missed="0" covered="8"/><counter type="LINE" missed="0" covered="1"/><counter type="COMPLEXITY" missed="0" covered="1"/><counter type="METHOD" missed="0" covered="1"/></method><method name="floatValue" desc="()F" line="428"><counter type="INSTRUCTION" missed="0" covered="8"/><counter type="LINE" missed="0" covered="1"/><counter type="COMPLEXITY" missed="0" covered="1"/><counter type="METHOD" missed="0" covered="1"/></method><method name="doubleValue" desc="()D" line="439"><counter type="INSTRUCTION" missed="0" covered="8"/><counter type="LINE" missed="0" covered="1"/><counter type="COMPLEXITY" missed="0" covered="1"/><counter type="METHOD" missed="0" covered="1"/></method><method name="reduce" desc="()Lcom/junit/app/Fraction;" line="455"><counter type="INSTRUCTION" missed="4" covered="29"/><counter type="BRANCH" missed="2" covered="4"/><counter type="LINE" missed="1" covered="5"/><counter type="COMPLEXITY" missed="2" covered="2"/><counter type="METHOD" missed="0" covered="1"/></method><method name="invert" desc="()Lcom/junit/app/Fraction;" line="475"><counter type="INSTRUCTION" missed="0" covered="38"/><counter type="BRANCH" missed="0" covered="6"/><counter type="LINE" missed="0" covered="7"/><counter type="COMPLEXITY" missed="0" covered="4"/><counter type="METHOD" missed="0" covered="1"/></method><method name="negate" desc="()Lcom/junit/app/Fraction;" line="497"><counter type="INSTRUCTION" missed="0" covered="18"/><counter type="BRANCH" missed="0" covered="2"/><counter type="LINE" missed="0" covered="3"/><counter type="COMPLEXITY" missed="0" covered="2"/><counter type="METHOD" missed="0" covered="1"/></method><method name="abs" desc="()Lcom/junit/app/Fraction;" line="513"><counter type="INSTRUCTION" missed="0" covered="8"/><counter type="BRANCH" missed="0" covered="2"/><counter type="LINE" missed="0" covered="3"/><counter type="COMPLEXITY" missed="0" covered="2"/><counter type="METHOD" missed="0" covered="1"/></method><method name="pow" desc="(I)Lcom/junit/app/Fraction;" line="532"><counter type="INSTRUCTION" missed="10" covered="42"/><counter type="BRANCH" missed="1" covered="9"/><counter type="LINE" missed="1" covered="11"/><counter type="COMPLEXITY" missed="1" covered="5"/><counter type="METHOD" missed="0" covered="1"/></method><method name="greatestCommonDivisor" desc="(II)I" line="563"><counter type="INSTRUCTION" missed="22" covered="94"/><counter type="BRANCH" missed="9" covered="23"/><counter type="LINE" missed="4" covered="19"/><counter type="COMPLEXITY" missed="7" covered="10"/><counter type="METHOD" missed="0" covered="1"/></method><method name="mulAndCheck" desc="(II)I" line="625"><counter type="INSTRUCTION" missed="0" covered="22"/><counter type="BRANCH" missed="0" covered="4"/><counter type="LINE" missed="0" covered="5"/><counter type="COMPLEXITY" missed="0" covered="3"/><counter type="METHOD" missed="0" covered="1"/></method><method name="mulPosAndCheck" desc="(II)I" line="644"><counter type="INSTRUCTION" missed="0" covered="18"/><counter type="BRANCH" missed="0" covered="2"/><counter type="LINE" missed="0" covered="4"/><counter type="COMPLEXITY" missed="0" covered="2"/><counter type="METHOD" missed="0" covered="1"/></method><method name="addAndCheck" desc="(II)I" line="661"><counter type="INSTRUCTION" missed="22" covered="0"/><counter type="BRANCH" missed="4" covered="0"/><counter type="LINE" missed="5" covered="0"/><counter type="COMPLEXITY" missed="3" covered="0"/><counter type="METHOD" missed="1" covered="0"/></method><method name="subAndCheck" desc="(II)I" line="679"><counter type="INSTRUCTION" missed="22" covered="0"/><counter type="BRANCH" missed="4" covered="0"/><counter type="LINE" missed="5" covered="0"/><counter type="COMPLEXITY" missed="3" covered="0"/><counter type="METHOD" missed="1" covered="0"/></method><method name="add" desc="(Lcom/junit/app/Fraction;)Lcom/junit/app/Fraction;" line="698"><counter type="INSTRUCTION" missed="0" covered="5"/><counter type="LINE" missed="0" covered="1"/><counter type="COMPLEXITY" missed="0" covered="1"/><counter type="METHOD" missed="0" covered="1"/></method><method name="subtract" desc="(Lcom/junit/app/Fraction;)Lcom/junit/app/Fraction;" line="712"><counter type="INSTRUCTION" missed="0" covered="5"/><counter type="LINE" missed="0" covered="1"/><counter type="COMPLEXITY" missed="0" covered="1"/><counter type="METHOD" missed="0" covered="1"/></method><method name="addSub" desc="(Lcom/junit/app/Fraction;Z)Lcom/junit/app/Fraction;" line="726"><counter type="INSTRUCTION" missed="39" covered="101"/><counter type="BRANCH" missed="6" covered="12"/><counter type="LINE" missed="8" covered="19"/><counter type="COMPLEXITY" missed="5" covered="5"/><counter type="METHOD" missed="0" covered="1"/></method><method name="multiplyBy" desc="(Lcom/junit/app/Fraction;)Lcom/junit/app/Fraction;" line="782"><counter type="INSTRUCTION" missed="2" covered="45"/><counter type="BRANCH" missed="2" covered="4"/><counter type="LINE" missed="1" covered="8"/><counter type="COMPLEXITY" missed="2" covered="2"/><counter type="METHOD" missed="0" covered="1"/></method><method name="divideBy" desc="(Lcom/junit/app/Fraction;)Lcom/junit/app/Fraction;" line="808"><counter type="INSTRUCTION" missed="0" covered="20"/><counter type="BRANCH" missed="0" covered="4"/><counter type="LINE" missed="0" covered="5"/><counter type="COMPLEXITY" missed="0" covered="3"/><counter type="METHOD" missed="0" covered="1"/></method><method name="equals" desc="(Ljava/lang/Object;)Z" line="830"><counter type="INSTRUCTION" missed="4" covered="23"/><counter type="BRANCH" missed="3" covered="5"/><counter type="LINE" missed="2" covered="5"/><counter type="COMPLEXITY" missed="3" covered="2"/><counter type="METHOD" missed="0" covered="1"/></method><method name="hashCode" desc="()I" line="848"><counter type="INSTRUCTION" missed="0" covered="17"/><counter type="BRANCH" missed="1" covered="1"/><counter type="LINE" missed="0" covered="3"/><counter type="COMPLEXITY" missed="1" covered="1"/><counter type="METHOD" missed="0" covered="1"/></method><method name="compareTo" desc="(Lcom/junit/app/Fraction;)I" line="869"><counter type="INSTRUCTION" missed="0" covered="47"/><counter type="BRANCH" missed="1" covered="9"/><counter type="LINE" missed="0" covered="11"/><counter type="COMPLEXITY" missed="1" covered="5"/><counter type="METHOD" missed="0" covered="1"/></method><method name="toString" desc="()Ljava/lang/String;" line="896"><counter type="INSTRUCTION" missed="0" covered="21"/><counter type="BRANCH" missed="1" covered="1"/><counter type="LINE" missed="0" covered="6"/><counter type="COMPLEXITY" missed="1" covered="1"/><counter type="METHOD" missed="0" covered="1"/></method><method name="toProperString" desc="()Ljava/lang/String;" line="915"><counter type="INSTRUCTION" missed="23" covered="69"/><counter type="BRANCH" missed="4" covered="10"/><counter type="LINE" missed="5" covered="16"/><counter type="COMPLEXITY" missed="4" covered="4"/><counter type="METHOD" missed="0" covered="1"/></method><counter type="INSTRUCTION" missed="180" covered="1126"/><counter type="BRANCH" missed="50" covered="146"/><counter type="LINE" missed="37" covered="256"/><counter type="COMPLEXITY" missed="44" covered="89"/><counter type="METHOD" missed="2" covered="33"/><counter type="CLASS" missed="0" covered="1"/></class><class name="com/junit/app/IEEE754rUtils"><method name="&lt;init&gt;" desc="()V" line="6"><counter type="INSTRUCTION" missed="0" covered="3"/><counter type="LINE" missed="0" covered="1"/><counter type="COMPLEXITY" missed="0" covered="1"/><counter type="METHOD" missed="0" covered="1"/></method><method name="min" desc="([D)D" line="18"><counter type="INSTRUCTION" missed="0" covered="35"/><counter type="BRANCH" missed="0" covered="6"/><counter type="LINE" missed="0" covered="8"/><counter type="COMPLEXITY" missed="0" covered="4"/><counter type="METHOD" missed="0" covered="1"/></method><method name="min" desc="([F)F" line="43"><counter type="INSTRUCTION" missed="0" covered="35"/><counter type="BRANCH" missed="0" covered="6"/><counter type="LINE" missed="0" covered="8"/><counter type="COMPLEXITY" missed="0" covered="4"/><counter type="METHOD" missed="0" covered="1"/></method><method name="min" desc="(DDD)D" line="69"><counter type="INSTRUCTION" missed="0" covered="6"/><counter type="LINE" missed="0" covered="1"/><counter type="COMPLEXITY" missed="0" covered="1"/><counter type="METHOD" missed="0" covered="1"/></method><method name="min" desc="(DD)D" line="82"><counter type="INSTRUCTION" missed="0" covered="14"/><counter type="BRANCH" missed="0" covered="4"/><counter type="LINE" missed="0" covered="5"/><counter type="COMPLEXITY" missed="0" covered="3"/><counter type="METHOD" missed="0" covered="1"/></method><method name="min" desc="(FFF)F" line="103"><counter type="INSTRUCTION" missed="0" covered="6"/><counter type="LINE" missed="0" covered="1"/><counter type="COMPLEXITY" missed="0" covered="1"/><counter type="METHOD" missed="0" covered="1"/></method><method name="min" desc="(FF)F" line="116"><counter type="INSTRUCTION" missed="0" covered="14"/><counter type="BRANCH" missed="0" covered="4"/><counter type="LINE" missed="0" covered="5"/><counter type="COMPLEXITY" missed="0" covered="3"/><counter type="METHOD" missed="0" covered="1"/></method><method name="max" desc="([D)D" line="136"><counter type="INSTRUCTION" missed="0" covered="35"/><counter type="BRANCH" missed="0" covered="6"/><counter type="LINE" missed="0" covered="8"/><counter type="COMPLEXITY" missed="0" covered="4"/><counter type="METHOD" missed="0" covered="1"/></method><method name="max" desc="([F)F" line="161"><counter type="INSTRUCTION" missed="0" covered="35"/><counter type="BRANCH" missed="0" covered="6"/><counter type="LINE" missed="0" covered="8"/><counter type="COMPLEXITY" missed="0" covered="4"/><counter type="METHOD" missed="0" covered="1"/></method><method name="max" desc="(DDD)D" line="187"><counter type="INSTRUCTION" missed="0" covered="6"/><counter type="LINE" missed="0" covered="1"/><counter type="COMPLEXITY" missed="0" covered="1"/><counter type="METHOD" missed="0" covered="1"/></method><method name="max" desc="(DD)D" line="200"><counter type="INSTRUCTION" missed="0" covered="14"/><counter type="BRANCH" missed="0" covered="4"/><counter type="LINE" missed="0" covered="5"/><counter type="COMPLEXITY" missed="0" covered="3"/><counter type="METHOD" missed="0" covered="1"/></method><method name="max" desc="(FFF)F" line="221"><counter type="INSTRUCTION" missed="0" covered="6"/><counter type="LINE" missed="0" covered="1"/><counter type="COMPLEXITY" missed="0" covered="1"/><counter type="METHOD" missed="0" covered="1"/></method><method name="max" desc="(FF)F" line="234"><counter type="INSTRUCTION" missed="0" covered="14"/><counter type="BRANCH" missed="0" covered="4"/><counter type="LINE" missed="0" covered="5"/><counter type="COMPLEXITY" missed="0" covered="3"/><counter type="METHOD" missed="0" covered="1"/></method><counter type="INSTRUCTION" missed="0" covered="223"/><counter type="BRANCH" missed="0" covered="40"/><counter type="LINE" missed="0" covered="57"/><counter type="COMPLEXITY" missed="0" covered="33"/><counter type="METHOD" missed="0" covered="13"/><counter type="CLASS" missed="0" covered="1"/></class><class name="com/junit/app/NumberUtils"><method name="&lt;clinit&gt;" desc="()V" line="33"><counter type="INSTRUCTION" missed="0" covered="85"/><counter type="LINE" missed="0" covered="18"/><counter type="COMPLEXITY" missed="0" covered="1"/><counter type="METHOD" missed="0" covered="1"/></method><method name="&lt;init&gt;" desc="()V" line="77"><counter type="INSTRUCTION" missed="3" covered="0"/><counter type="LINE" missed="2" covered="0"/><counter type="COMPLEXITY" missed="1" covered="0"/><counter type="METHOD" missed="1" covered="0"/></method><method name="toInt" desc="(Ljava/lang/String;)I" line="99"><counter type="INSTRUCTION" missed="0" covered="4"/><counter type="LINE" missed="0" covered="1"/><counter type="COMPLEXITY" missed="0" covered="1"/><counter type="METHOD" missed="0" covered="1"/></method><method name="toInt" desc="(Ljava/lang/String;I)I" line="120"><counter type="INSTRUCTION" missed="0" covered="10"/><counter type="BRANCH" missed="0" covered="2"/><counter type="LINE" missed="0" covered="5"/><counter type="COMPLEXITY" missed="0" covered="2"/><counter type="METHOD" missed="0" covered="1"/></method><method name="toLong" desc="(Ljava/lang/String;)J" line="148"><counter type="INSTRUCTION" missed="0" covered="4"/><counter type="LINE" missed="0" covered="1"/><counter type="COMPLEXITY" missed="0" covered="1"/><counter type="METHOD" missed="0" covered="1"/></method><method name="toLong" desc="(Ljava/lang/String;J)J" line="169"><counter type="INSTRUCTION" missed="0" covered="10"/><counter type="BRANCH" missed="0" covered="2"/><counter type="LINE" missed="0" covered="5"/><counter type="COMPLEXITY" missed="0" covered="2"/><counter type="METHOD" missed="0" covered="1"/></method><method name="toFloat" desc="(Ljava/lang/String;)F" line="198"><counter type="INSTRUCTION" missed="0" covered="4"/><counter type="LINE" missed="0" covered="1"/><counter type="COMPLEXITY" missed="0" covered="1"/><counter type="METHOD" missed="0" covered="1"/></method><method name="toFloat" desc="(Ljava/lang/String;F)F" line="221"><counter type="INSTRUCTION" missed="0" covered="10"/><counter type="BRANCH" missed="0" covered="2"/><counter type="LINE" missed="0" covered="5"/><counter type="COMPLEXITY" missed="0" covered="2"/><counter type="METHOD" missed="0" covered="1"/></method><method name="toDouble" desc="(Ljava/lang/String;)D" line="250"><counter type="INSTRUCTION" missed="0" covered="4"/><counter type="LINE" missed="0" covered="1"/><counter type="COMPLEXITY" missed="0" covered="1"/><counter type="METHOD" missed="0" covered="1"/></method><method name="toDouble" desc="(Ljava/lang/String;D)D" line="273"><counter type="INSTRUCTION" missed="0" covered="10"/><counter type="BRANCH" missed="0" covered="2"/><counter type="LINE" missed="0" covered="5"/><counter type="COMPLEXITY" missed="0" covered="2"/><counter type="METHOD" missed="0" covered="1"/></method><method name="toByte" desc="(Ljava/lang/String;)B" line="302"><counter type="INSTRUCTION" missed="0" covered="4"/><counter type="LINE" missed="0" covered="1"/><counter type="COMPLEXITY" missed="0" covered="1"/><counter type="METHOD" missed="0" covered="1"/></method><method name="toByte" desc="(Ljava/lang/String;B)B" line="323"><counter type="INSTRUCTION" missed="0" covered="10"/><counter type="BRANCH" missed="0" covered="2"/><counter type="LINE" missed="0" covered="5"/><counter type="COMPLEXITY" missed="0" covered="2"/><counter type="METHOD" missed="0" covered="1"/></method><method name="toShort" desc="(Ljava/lang/String;)S" line="351"><counter type="INSTRUCTION" missed="0" covered="4"/><counter type="LINE" missed="0" covered="1"/><counter type="COMPLEXITY" missed="0" covered="1"/><counter type="METHOD" missed="0" covered="1"/></method><method name="toShort" desc="(Ljava/lang/String;S)S" line="372"><counter type="INSTRUCTION" missed="0" covered="10"/><counter type="BRANCH" missed="0" covered="2"/><counter type="LINE" missed="0" covered="5"/><counter type="COMPLEXITY" missed="0" covered="2"/><counter type="METHOD" missed="0" covered="1"/></method><method name="createNumber" desc="(Ljava/lang/String;)Ljava/lang/Number;" line="445"><counter type="INSTRUCTION" missed="75" covered="262"/><counter type="BRANCH" missed="32" covered="52"/><counter type="LINE" missed="20" covered="53"/><counter type="COMPLEXITY" missed="26" covered="18"/><counter type="METHOD" missed="0" covered="1"/></method><method name="isAllZeros" desc="(Ljava/lang/String;)Z" line="605"><counter type="INSTRUCTION" missed="4" covered="23"/><counter type="BRANCH" missed="2" covered="6"/><counter type="LINE" missed="1" covered="5"/><counter type="COMPLEXITY" missed="2" covered="3"/><counter type="METHOD" missed="0" covered="1"/></method><method name="createFloat" desc="(Ljava/lang/String;)Ljava/lang/Float;" line="627"><counter type="INSTRUCTION" missed="0" covered="7"/><counter type="BRANCH" missed="0" covered="2"/><counter type="LINE" missed="0" covered="3"/><counter type="COMPLEXITY" missed="0" covered="2"/><counter type="METHOD" missed="0" covered="1"/></method><method name="createDouble" desc="(Ljava/lang/String;)Ljava/lang/Double;" line="643"><counter type="INSTRUCTION" missed="0" covered="7"/><counter type="BRANCH" missed="0" covered="2"/><counter type="LINE" missed="0" covered="3"/><counter type="COMPLEXITY" missed="0" covered="2"/><counter type="METHOD" missed="0" covered="1"/></method><method name="createInteger" desc="(Ljava/lang/String;)Ljava/lang/Integer;" line="660"><counter type="INSTRUCTION" missed="0" covered="7"/><counter type="BRANCH" missed="0" covered="2"/><counter type="LINE" missed="0" covered="3"/><counter type="COMPLEXITY" missed="0" covered="2"/><counter type="METHOD" missed="0" covered="1"/></method><method name="createLong" desc="(Ljava/lang/String;)Ljava/lang/Long;" line="677"><counter type="INSTRUCTION" missed="0" covered="7"/><counter type="BRANCH" missed="0" covered="2"/><counter type="LINE" missed="0" covered="3"/><counter type="COMPLEXITY" missed="0" covered="2"/><counter type="METHOD" missed="0" covered="1"/></method><method name="createBigInteger" desc="(Ljava/lang/String;)Ljava/math/BigInteger;" line="693"><counter type="INSTRUCTION" missed="0" covered="9"/><counter type="BRANCH" missed="0" covered="2"/><counter type="LINE" missed="0" covered="3"/><counter type="COMPLEXITY" missed="0" covered="2"/><counter type="METHOD" missed="0" covered="1"/></method><method name="createBigDecimal" desc="(Ljava/lang/String;)Ljava/math/BigDecimal;" line="709"><counter type="INSTRUCTION" missed="5" covered="12"/><counter type="BRANCH" missed="1" covered="3"/><counter type="LINE" missed="1" covered="4"/><counter type="COMPLEXITY" missed="1" covered="2"/><counter type="METHOD" missed="0" covered="1"/></method><method name="min" desc="([J)J" line="731"><counter type="INSTRUCTION" missed="5" covered="34"/><counter type="BRANCH" missed="1" covered="7"/><counter type="LINE" missed="1" covered="8"/><counter type="COMPLEXITY" missed="1" covered="4"/><counter type="METHOD" missed="0" covered="1"/></method><method name="min" desc="([I)I" line="758"><counter type="INSTRUCTION" missed="5" covered="33"/><counter type="BRANCH" missed="1" covered="7"/><counter type="LINE" missed="1" covered="8"/><counter type="COMPLEXITY" missed="1" covered="4"/><counter type="METHOD" missed="0" covered="1"/></method><method name="min" desc="([S)S" line="785"><counter type="INSTRUCTION" missed="5" covered="33"/><counter type="BRANCH" missed="1" covered="7"/><counter type="LINE" missed="1" covered="8"/><counter type="COMPLEXITY" missed="1" covered="4"/><counter type="METHOD" missed="0" covered="1"/></method><method name="min" desc="([B)B" line="812"><counter type="INSTRUCTION" missed="5" covered="33"/><counter type="BRANCH" missed="1" covered="7"/><counter type="LINE" missed="1" covered="8"/><counter type="COMPLEXITY" missed="1" covered="4"/><counter type="METHOD" missed="0" covered="1"/></method><method name="min" desc="([D)D" line="840"><counter type="INSTRUCTION" missed="7" covered="39"/><counter type="BRANCH" missed="2" covered="8"/><counter type="LINE" missed="2" covered="9"/><counter type="COMPLEXITY" missed="2" covered="4"/><counter type="METHOD" missed="0" covered="1"/></method><method name="min" desc="([F)F" line="871"><counter type="INSTRUCTION" missed="7" covered="39"/><counter type="BRANCH" missed="2" covered="8"/><counter type="LINE" missed="2" covered="9"/><counter type="COMPLEXITY" missed="2" covered="4"/><counter type="METHOD" missed="0" covered="1"/></method><method name="max" desc="([J)J" line="903"><counter type="INSTRUCTION" missed="5" covered="34"/><counter type="BRANCH" missed="1" covered="7"/><counter type="LINE" missed="1" covered="8"/><counter type="COMPLEXITY" missed="1" covered="4"/><counter type="METHOD" missed="0" covered="1"/></method><method name="max" desc="([I)I" line="930"><counter type="INSTRUCTION" missed="5" covered="33"/><counter type="BRANCH" missed="1" covered="7"/><counter type="LINE" missed="1" covered="8"/><counter type="COMPLEXITY" missed="1" covered="4"/><counter type="METHOD" missed="0" covered="1"/></method><method name="max" desc="([S)S" line="957"><counter type="INSTRUCTION" missed="5" covered="33"/><counter type="BRANCH" missed="1" covered="7"/><counter type="LINE" missed="1" covered="8"/><counter type="COMPLEXITY" missed="1" covered="4"/><counter type="METHOD" missed="0" covered="1"/></method><method name="max" desc="([B)B" line="984"><counter type="INSTRUCTION" missed="5" covered="33"/><counter type="BRANCH" missed="1" covered="7"/><counter type="LINE" missed="1" covered="8"/><counter type="COMPLEXITY" missed="1" covered="4"/><counter type="METHOD" missed="0" covered="1"/></method><method name="max" desc="([D)D" line="1012"><counter type="INSTRUCTION" missed="7" covered="39"/><counter type="BRANCH" missed="2" covered="8"/><counter type="LINE" missed="2" covered="9"/><counter type="COMPLEXITY" missed="2" covered="4"/><counter type="METHOD" missed="0" covered="1"/></method><method name="max" desc="([F)F" line="1043"><counter type="INSTRUCTION" missed="7" covered="39"/><counter type="BRANCH" missed="2" covered="8"/><counter type="LINE" missed="2" covered="9"/><counter type="COMPLEXITY" missed="2" covered="4"/><counter type="METHOD" missed="0" covered="1"/></method><method name="min" desc="(JJJ)J" line="1074"><counter type="INSTRUCTION" missed="0" covered="14"/><counter type="BRANCH" missed="0" covered="4"/><counter type="LINE" missed="0" covered="5"/><counter type="COMPLEXITY" missed="0" covered="3"/><counter type="METHOD" missed="0" covered="1"/></method><method name="min" desc="(III)I" line="1092"><counter type="INSTRUCTION" missed="0" covered="12"/><counter type="BRANCH" missed="0" covered="4"/><counter type="LINE" missed="0" covered="5"/><counter type="COMPLEXITY" missed="0" covered="3"/><counter type="METHOD" missed="0" covered="1"/></method><method name="min" desc="(SSS)S" line="1110"><counter type="INSTRUCTION" missed="0" covered="12"/><counter type="BRANCH" missed="0" covered="4"/><counter type="LINE" missed="0" covered="5"/><counter type="COMPLEXITY" missed="0" covered="3"/><counter type="METHOD" missed="0" covered="1"/></method><method name="min" desc="(BBB)B" line="1128"><counter type="INSTRUCTION" missed="0" covered="12"/><counter type="BRANCH" missed="0" covered="4"/><counter type="LINE" missed="0" covered="5"/><counter type="COMPLEXITY" missed="0" covered="3"/><counter type="METHOD" missed="0" covered="1"/></method><method name="min" desc="(DDD)D" line="1150"><counter type="INSTRUCTION" missed="0" covered="6"/><counter type="LINE" missed="0" covered="1"/><counter type="COMPLEXITY" missed="0" covered="1"/><counter type="METHOD" missed="0" covered="1"/></method><method name="min" desc="(FFF)F" line="1166"><counter type="INSTRUCTION" missed="0" covered="6"/><counter type="LINE" missed="0" covered="1"/><counter type="COMPLEXITY" missed="0" covered="1"/><counter type="METHOD" missed="0" covered="1"/></method><method name="max" desc="(JJJ)J" line="1180"><counter type="INSTRUCTION" missed="0" covered="14"/><counter type="BRANCH" missed="0" covered="4"/><counter type="LINE" missed="0" covered="5"/><counter type="COMPLEXITY" missed="0" covered="3"/><counter type="METHOD" missed="0" covered="1"/></method><method name="max" desc="(III)I" line="1198"><counter type="INSTRUCTION" missed="0" covered="12"/><counter type="BRANCH" missed="0" covered="4"/><counter type="LINE" missed="0" covered="5"/><counter type="COMPLEXITY" missed="0" covered="3"/><counter type="METHOD" missed="0" covered="1"/></method><method name="max" desc="(SSS)S" line="1216"><counter type="INSTRUCTION" missed="0" covered="12"/><counter type="BRANCH" missed="0" covered="4"/><counter type="LINE" missed="0" covered="5"/><counter type="COMPLEXITY" missed="0" covered="3"/><counter type="METHOD" missed="0" covered="1"/></method><method name="max" desc="(BBB)B" line="1234"><counter type="INSTRUCTION" missed="0" covered="12"/><counter type="BRANCH" missed="0" covered="4"/><counter type="LINE" missed="0" covered="5"/><counter type="COMPLEXITY" missed="0" covered="3"/><counter type="METHOD" missed="0" covered="1"/></method><method name="max" desc="(DDD)D" line="1256"><counter type="INSTRUCTION" missed="0" covered="6"/><counter type="LINE" missed="0" covered="1"/><counter type="COMPLEXITY" missed="0" covered="1"/><counter type="METHOD" missed="0" covered="1"/></method><method name="max" desc="(FFF)F" line="1272"><counter type="INSTRUCTION" missed="0" covered="6"/><counter type="LINE" missed="0" covered="1"/><counter type="COMPLEXITY" missed="0" covered="1"/><counter type="METHOD" missed="0" covered="1"/></method><method name="isDigits" desc="(Ljava/lang/String;)Z" line="1287"><counter type="INSTRUCTION" missed="5" covered="17"/><counter type="BRANCH" missed="3" covered="3"/><counter type="LINE" missed="2" covered="4"/><counter type="COMPLEXITY" missed="3" covered="1"/><counter type="METHOD" missed="0" covered="1"/></method><method name="isNumber" desc="(Ljava/lang/String;)Z" line="1312"><counter type="INSTRUCTION" missed="39" covered="239"/><counter type="BRANCH" missed="38" covered="60"/><counter type="LINE" missed="12" covered="53"/><counter type="COMPLEXITY" missed="34" covered="16"/><counter type="METHOD" missed="0" covered="1"/></method><counter type="INSTRUCTION" missed="199" covered="1305"/><counter type="BRANCH" missed="92" covered="266"/><counter type="LINE" missed="54" covered="332"/><counter type="COMPLEXITY" missed="83" covered="145"/><counter type="METHOD" missed="1" covered="47"/><counter type="CLASS" missed="0" covered="1"/></class><sourcefile name="Fraction.java"><line nr="33" mi="0" ci="6" mb="0" cb="0"/><line nr="37" mi="0" ci="6" mb="0" cb="0"/><line nr="41" mi="0" ci="6" mb="0" cb="0"/><line nr="45" mi="0" ci="6" mb="0" cb="0"/><line nr="49" mi="0" ci="6" mb="0" cb="0"/><line nr="53" mi="0" ci="6" mb="0" cb="0"/><line nr="57" mi="0" ci="6" mb="0" cb="0"/><line nr="61" mi="0" ci="6" mb="0" cb="0"/><line nr="65" mi="0" ci="6" mb="0" cb="0"/><line nr="69" mi="0" ci="6" mb="0" cb="0"/><line nr="73" mi="0" ci="6" mb="0" cb="0"/><line nr="77" mi="0" ci="7" mb="0" cb="0"/><line nr="92" mi="0" ci="3" mb="0" cb="0"/><line nr="96" mi="0" ci="3" mb="0" cb="0"/><line nr="100" mi="0" ci="3" mb="0" cb="0"/><line nr="110" mi="0" ci="2" mb="0" cb="0"/><line nr="111" mi="0" ci="3" mb="0" cb="0"/><line nr="112" mi="0" ci="3" mb="0" cb="0"/><line nr="113" mi="0" ci="1" mb="0" cb="0"/><line nr="128" mi="0" ci="2" mb="0" cb="2"/><line nr="129" mi="0" ci="5" mb="0" cb="0"/><line nr="131" mi="0" ci="2" mb="0" cb="2"/><line nr="132" mi="0" ci="3" mb="0" cb="2"/><line nr="133" mi="0" ci="3" mb="1" cb="1"/><line nr="134" mi="0" ci="5" mb="0" cb="0"/><line nr="136" mi="0" ci="3" mb="0" cb="0"/><line nr="137" mi="0" ci="3" mb="0" cb="0"/><line nr="139" mi="0" ci="6" mb="0" cb="0"/><line nr="158" mi="0" ci="2" mb="0" cb="2"/><line nr="159" mi="0" ci="5" mb="0" cb="0"/><line nr="161" mi="0" ci="2" mb="0" cb="2"/><line nr="162" mi="0" ci="5" mb="0" cb="0"/><line nr="164" mi="0" ci="2" mb="0" cb="2"/><line nr="165" mi="0" ci="5" mb="0" cb="0"/><line nr="168" mi="0" ci="2" mb="0" cb="2"/><line nr="169" mi="0" ci="9" mb="0" cb="0"/><line nr="170" mi="0" ci="1" mb="0" cb="0"/><line nr="171" mi="0" ci="9" mb="0" cb="0"/><line nr="173" mi="0" ci="4" mb="1" cb="1"/><line nr="174" mi="0" ci="4" mb="1" cb="1"/><line nr="175" mi="5" ci="0" mb="0" cb="0"/><line nr="177" mi="0" ci="7" mb="0" cb="0"/><line nr="195" mi="0" ci="2" mb="0" cb="2"/><line nr="196" mi="0" ci="5" mb="0" cb="0"/><line nr="198" mi="0" ci="2" mb="0" cb="2"/><line nr="199" mi="0" ci="2" mb="0" cb="0"/><line nr="202" mi="4" ci="3" mb="3" cb="1"/><line nr="203" mi="8" ci="0" mb="0" cb="0"/><line nr="205" mi="0" ci="2" mb="0" cb="2"/><line nr="206" mi="0" ci="3" mb="1" cb="1"/><line nr="207" mi="0" ci="3" mb="1" cb="1"/><line nr="208" mi="5" ci="0" mb="0" cb="0"/><line nr="210" mi="0" ci="3" mb="0" cb="0"/><line nr="211" mi="0" ci="3" mb="0" cb="0"/><line nr="214" mi="0" ci="4" mb="0" cb="0"/><line nr="215" mi="0" ci="4" mb="0" cb="0"/><line nr="216" mi="0" ci="4" mb="0" cb="0"/><line nr="217" mi="0" ci="6" mb="0" cb="0"/><line nr="235" mi="0" ci="8" mb="0" cb="2"/><line nr="236" mi="0" ci="3" mb="0" cb="0"/><line nr="237" mi="0" ci="7" mb="0" cb="4"/><line nr="238" mi="0" ci="4" mb="0" cb="0"/><line nr="239" mi="0" ci="1" mb="0" cb="0"/><line nr="241" mi="0" ci="3" mb="0" cb="0"/><line nr="242" mi="0" ci="5" mb="0" cb="0"/><line nr="244" mi="0" ci="2" mb="0" cb="0"/><line nr="245" mi="0" ci="2" mb="0" cb="0"/><line nr="246" mi="0" ci="2" mb="0" cb="0"/><line nr="247" mi="0" ci="2" mb="0" cb="0"/><line nr="248" mi="0" ci="2" mb="0" cb="0"/><line nr="249" mi="0" ci="2" mb="0" cb="0"/><line nr="250" mi="0" ci="3" mb="0" cb="0"/><line nr="251" mi="0" ci="2" mb="0" cb="0"/><line nr="252" mi="0" ci="2" mb="0" cb="0"/><line nr="253" mi="0" ci="2" mb="0" cb="0"/><line nr="254" mi="0" ci="5" mb="0" cb="0"/><line nr="255" mi="0" ci="2" mb="0" cb="0"/><line nr="256" mi="0" ci="2" mb="0" cb="0"/><line nr="258" mi="0" ci="2" mb="0" cb="0"/><line nr="260" mi="0" ci="1" mb="1" cb="1"/><line nr="261" mi="0" ci="2" mb="0" cb="0"/><line nr="262" mi="0" ci="5" mb="0" cb="0"/><line nr="263" mi="0" ci="2" mb="0" cb="0"/><line nr="264" mi="0" ci="7" mb="0" cb="0"/><line nr="265" mi="0" ci="6" mb="0" cb="0"/><line nr="266" mi="0" ci="6" mb="0" cb="0"/><line nr="267" mi="0" ci="6" mb="0" cb="0"/><line nr="268" mi="0" ci="5" mb="0" cb="0"/><line nr="270" mi="0" ci="2" mb="0" cb="0"/><line nr="271" mi="0" ci="2" mb="0" cb="0"/><line nr="272" mi="0" ci="2" mb="0" cb="0"/><line nr="273" mi="0" ci="2" mb="0" cb="0"/><line nr="274" mi="0" ci="2" mb="0" cb="0"/><line nr="275" mi="0" ci="2" mb="0" cb="0"/><line nr="276" mi="0" ci="2" mb="0" cb="0"/><line nr="277" mi="0" ci="1" mb="0" cb="0"/><line nr="279" mi="0" ci="11" mb="1" cb="5"/><line nr="280" mi="0" ci="3" mb="1" cb="1"/><line nr="281" mi="5" ci="0" mb="0" cb="0"/><line nr="283" mi="0" ci="10" mb="0" cb="0"/><line nr="305" mi="0" ci="2" mb="0" cb="2"/><line nr="306" mi="0" ci="5" mb="0" cb="0"/><line nr="309" mi="0" ci="4" mb="0" cb="0"/><line nr="310" mi="0" ci="2" mb="0" cb="2"/><line nr="311" mi="0" ci="4" mb="0" cb="0"/><line nr="315" mi="0" ci="4" mb="0" cb="0"/><line nr="316" mi="0" ci="2" mb="0" cb="2"/><line nr="317" mi="0" ci="6" mb="0" cb="0"/><line nr="318" mi="0" ci="6" mb="0" cb="0"/><line nr="319" mi="0" ci="4" mb="0" cb="0"/><line nr="320" mi="0" ci="2" mb="1" cb="1"/><line nr="321" mi="5" ci="0" mb="0" cb="0"/><line nr="323" mi="0" ci="6" mb="0" cb="0"/><line nr="324" mi="0" ci="7" mb="0" cb="0"/><line nr="325" mi="0" ci="5" mb="0" cb="0"/><line nr="330" mi="0" ci="4" mb="0" cb="0"/><line nr="331" mi="0" ci="2" mb="0" cb="2"/><line nr="333" mi="0" ci="5" mb="0" cb="0"/><line nr="335" mi="0" ci="6" mb="0" cb="0"/><line nr="336" mi="0" ci="7" mb="0" cb="0"/><line nr="337" mi="0" ci="4" mb="0" cb="0"/><line nr="353" mi="0" ci="3" mb="0" cb="0"/><line nr="362" mi="0" ci="3" mb="0" cb="0"/><line nr="377" mi="0" ci="7" mb="0" cb="0"/><line nr="392" mi="0" ci="6" mb="0" cb="0"/><line nr="406" mi="0" ci="6" mb="0" cb="0"/><line nr="417" mi="0" ci="8" mb="0" cb="0"/><line nr="428" mi="0" ci="8" mb="0" cb="0"/><line nr="439" mi="0" ci="8" mb="0" cb="0"/><line nr="455" mi="0" ci="3" mb="0" cb="2"/><line nr="456" mi="2" ci="6" mb="1" cb="1"/><line nr="458" mi="0" ci="7" mb="0" cb="0"/><line nr="459" mi="0" ci="3" mb="1" cb="1"/><line nr="460" mi="2" ci="0" mb="0" cb="0"/><line nr="462" mi="0" ci="10" mb="0" cb="0"/><line nr="475" mi="0" ci="3" mb="0" cb="2"/><line nr="476" mi="0" ci="5" mb="0" cb="0"/><line nr="478" mi="0" ci="4" mb="0" cb="2"/><line nr="479" mi="0" ci="5" mb="0" cb="0"/><line nr="481" mi="0" ci="3" mb="0" cb="2"/><line nr="482" mi="0" ci="10" mb="0" cb="0"/><line nr="484" mi="0" ci="8" mb="0" cb="0"/><line nr="497" mi="0" ci="4" mb="0" cb="2"/><line nr="498" mi="0" ci="5" mb="0" cb="0"/><line nr="500" mi="0" ci="9" mb="0" cb="0"/><line nr="513" mi="0" ci="3" mb="0" cb="2"/><line nr="514" mi="0" ci="2" mb="0" cb="0"/><line nr="516" mi="0" ci="3" mb="0" cb="0"/><line nr="532" mi="0" ci="3" mb="0" cb="2"/><line nr="533" mi="0" ci="2" mb="0" cb="0"/><line nr="534" mi="0" ci="2" mb="0" cb="2"/><line nr="535" mi="0" ci="2" mb="0" cb="0"/><line nr="536" mi="0" ci="2" mb="0" cb="2"/><line nr="537" mi="0" ci="3" mb="1" cb="1"/><line nr="538" mi="10" ci="0" mb="0" cb="0"/><line nr="540" mi="0" ci="6" mb="0" cb="0"/><line nr="542" mi="0" ci="4" mb="0" cb="0"/><line nr="543" mi="0" ci="4" mb="0" cb="2"/><line nr="544" mi="0" ci="6" mb="0" cb="0"/><line nr="546" mi="0" ci="8" mb="0" cb="0"/><line nr="563" mi="0" ci="4" mb="2" cb="2"/><line nr="564" mi="6" ci="0" mb="4" cb="0"/><line nr="565" mi="5" ci="0" mb="0" cb="0"/><line nr="567" mi="6" ci="0" mb="0" cb="0"/><line nr="570" mi="0" ci="8" mb="0" cb="4"/><line nr="571" mi="0" ci="2" mb="0" cb="0"/><line nr="577" mi="0" ci="5" mb="0" cb="2"/><line nr="578" mi="0" ci="5" mb="1" cb="1"/><line nr="580" mi="0" ci="2" mb="0" cb="0"/><line nr="581" mi="0" ci="12" mb="1" cb="5"/><line nr="582" mi="0" ci="9" mb="0" cb="0"/><line nr="584" mi="0" ci="3" mb="1" cb="1"/><line nr="585" mi="5" ci="0" mb="0" cb="0"/><line nr="589" mi="0" ci="12" mb="0" cb="2"/><line nr="595" mi="0" ci="5" mb="0" cb="2"/><line nr="596" mi="0" ci="4" mb="0" cb="0"/><line nr="599" mi="0" ci="2" mb="0" cb="2"/><line nr="600" mi="0" ci="3" mb="0" cb="0"/><line nr="601" mi="0" ci="1" mb="0" cb="0"/><line nr="602" mi="0" ci="2" mb="0" cb="0"/><line nr="605" mi="0" ci="6" mb="0" cb="0"/><line nr="608" mi="0" ci="2" mb="0" cb="2"/><line nr="609" mi="0" ci="7" mb="0" cb="0"/><line nr="625" mi="0" ci="6" mb="0" cb="0"/><line nr="626" mi="0" ci="4" mb="0" cb="2"/><line nr="627" mi="0" ci="4" mb="0" cb="2"/><line nr="628" mi="0" ci="5" mb="0" cb="0"/><line nr="630" mi="0" ci="3" mb="0" cb="0"/><line nr="644" mi="0" ci="6" mb="0" cb="0"/><line nr="645" mi="0" ci="4" mb="0" cb="2"/><line nr="646" mi="0" ci="5" mb="0" cb="0"/><line nr="648" mi="0" ci="3" mb="0" cb="0"/><line nr="661" mi="6" ci="0" mb="0" cb="0"/><line nr="662" mi="4" ci="0" mb="2" cb="0"/><line nr="663" mi="4" ci="0" mb="2" cb="0"/><line nr="664" mi="5" ci="0" mb="0" cb="0"/><line nr="666" mi="3" ci="0" mb="0" cb="0"/><line nr="679" mi="6" ci="0" mb="0" cb="0"/><line nr="680" mi="4" ci="0" mb="2" cb="0"/><line nr="681" mi="4" ci="0" mb="2" cb="0"/><line nr="682" mi="5" ci="0" mb="0" cb="0"/><line nr="684" mi="3" ci="0" mb="0" cb="0"/><line nr="698" mi="0" ci="5" mb="0" cb="0"/><line nr="712" mi="0" ci="5" mb="0" cb="0"/><line nr="726" mi="0" ci="2" mb="0" cb="2"/><line nr="727" mi="0" ci="5" mb="0" cb="0"/><line nr="730" mi="0" ci="3" mb="0" cb="2"/><line nr="731" mi="2" ci="5" mb="1" cb="1"/><line nr="733" mi="0" ci="3" mb="1" cb="1"/><line nr="734" mi="2" ci="0" mb="0" cb="0"/><line nr="738" mi="0" ci="6" mb="0" cb="0"/><line nr="739" mi="0" ci="3" mb="1" cb="1"/><line nr="741" mi="6" ci="0" mb="0" cb="0"/><line nr="742" mi="6" ci="0" mb="0" cb="0"/><line nr="743" mi="4" ci="0" mb="0" cb="0"/><line nr="744" mi="9" ci="0" mb="2" cb="0"/><line nr="745" mi="5" ci="0" mb="0" cb="0"/><line nr="750" mi="0" ci="5" mb="0" cb="0"/><line nr="751" mi="0" ci="7" mb="0" cb="0"/><line nr="752" mi="0" ci="5" mb="0" cb="0"/><line nr="753" mi="0" ci="7" mb="0" cb="0"/><line nr="754" mi="0" ci="10" mb="0" cb="2"/><line nr="757" mi="0" ci="7" mb="0" cb="0"/><line nr="758" mi="0" ci="8" mb="0" cb="2"/><line nr="761" mi="0" ci="6" mb="0" cb="0"/><line nr="762" mi="0" ci="4" mb="1" cb="1"/><line nr="763" mi="4" ci="0" mb="0" cb="0"/><line nr="764" mi="1" ci="0" mb="0" cb="0"/><line nr="766" mi="0" ci="4" mb="0" cb="0"/><line nr="767" mi="0" ci="2" mb="0" cb="0"/><line nr="768" mi="0" ci="9" mb="0" cb="0"/><line nr="782" mi="0" ci="2" mb="0" cb="2"/><line nr="783" mi="0" ci="5" mb="0" cb="0"/><line nr="785" mi="0" ci="6" mb="2" cb="2"/><line nr="786" mi="2" ci="0" mb="0" cb="0"/><line nr="790" mi="0" ci="6" mb="0" cb="0"/><line nr="791" mi="0" ci="6" mb="0" cb="0"/><line nr="792" mi="0" ci="2" mb="0" cb="0"/><line nr="793" mi="0" ci="9" mb="0" cb="0"/><line nr="794" mi="0" ci="9" mb="0" cb="0"/><line nr="808" mi="0" ci="2" mb="0" cb="2"/><line nr="809" mi="0" ci="5" mb="0" cb="0"/><line nr="811" mi="0" ci="3" mb="0" cb="2"/><line nr="812" mi="0" ci="5" mb="0" cb="0"/><line nr="814" mi="0" ci="5" mb="0" cb="0"/><line nr="830" mi="0" ci="3" mb="1" cb="1"/><line nr="831" mi="2" ci="0" mb="0" cb="0"/><line nr="833" mi="0" ci="3" mb="1" cb="1"/><line nr="834" mi="2" ci="0" mb="0" cb="0"/><line nr="836" mi="0" ci="3" mb="0" cb="0"/><line nr="837" mi="0" ci="9" mb="1" cb="1"/><line nr="838" mi="0" ci="5" mb="0" cb="2"/><line nr="848" mi="0" ci="3" mb="1" cb="1"/><line nr="850" mi="0" ci="11" mb="0" cb="0"/><line nr="852" mi="0" ci="3" mb="0" cb="0"/><line nr="869" mi="0" ci="3" mb="0" cb="2"/><line nr="870" mi="0" ci="2" mb="0" cb="0"/><line nr="872" mi="0" ci="10" mb="1" cb="3"/><line nr="873" mi="0" ci="2" mb="0" cb="0"/><line nr="876" mi="0" ci="8" mb="0" cb="0"/><line nr="877" mi="0" ci="8" mb="0" cb="0"/><line nr="878" mi="0" ci="4" mb="0" cb="2"/><line nr="879" mi="0" ci="2" mb="0" cb="0"/><line nr="880" mi="0" ci="4" mb="0" cb="2"/><line nr="881" mi="0" ci="2" mb="0" cb="0"/><line nr="883" mi="0" ci="2" mb="0" cb="0"/><line nr="896" mi="0" ci="3" mb="1" cb="1"/><line nr="897" mi="0" ci="6" mb="0" cb="0"/><line nr="898" mi="0" ci="3" mb="0" cb="0"/><line nr="899" mi="0" ci="2" mb="0" cb="0"/><line nr="900" mi="0" ci="4" mb="0" cb="0"/><line nr="902" mi="0" ci="3" mb="0" cb="0"/><line nr="915" mi="0" ci="3" mb="1" cb="1"/><line nr="916" mi="0" ci="3" mb="1" cb="1"/><line nr="917" mi="3" ci="0" mb="0" cb="0"/><line nr="918" mi="1" ci="5" mb="0" cb="2"/><line nr="919" mi="0" ci="3" mb="0" cb="0"/><line nr="920" mi="0" ci="8" mb="1" cb="1"/><line nr="921" mi="3" ci="0" mb="0" cb="0"/><line nr="922" mi="1" ci="13" mb="1" cb="3"/><line nr="927" mi="0" ci="3" mb="0" cb="0"/><line nr="928" mi="0" ci="2" mb="0" cb="2"/><line nr="929" mi="0" ci="5" mb="0" cb="0"/><line nr="930" mi="0" ci="1" mb="0" cb="0"/><line nr="931" mi="0" ci="6" mb="0" cb="0"/><line nr="932" mi="0" ci="5" mb="0" cb="0"/><line nr="933" mi="0" ci="4" mb="0" cb="0"/><line nr="934" mi="0" ci="4" mb="0" cb="0"/><line nr="936" mi="0" ci="1" mb="0" cb="0"/><line nr="937" mi="6" ci="0" mb="0" cb="0"/><line nr="938" mi="5" ci="0" mb="0" cb="0"/><line nr="939" mi="4" ci="0" mb="0" cb="0"/><line nr="942" mi="0" ci="3" mb="0" cb="0"/><counter type="INSTRUCTION" missed="180" covered="1126"/><counter type="BRANCH" missed="50" covered="146"/><counter type="LINE" missed="37" covered="256"/><counter type="COMPLEXITY" missed="44" covered="89"/><counter type="METHOD" missed="2" covered="33"/><counter type="CLASS" missed="0" covered="1"/></sourcefile><sourcefile name="NumberUtils.java"><line nr="33" mi="0" ci="5" mb="0" cb="0"/><line nr="35" mi="0" ci="5" mb="0" cb="0"/><line nr="37" mi="0" ci="5" mb="0" cb="0"/><line nr="39" mi="0" ci="5" mb="0" cb="0"/><line nr="41" mi="0" ci="5" mb="0" cb="0"/><line nr="43" mi="0" ci="5" mb="0" cb="0"/><line nr="45" mi="0" ci="5" mb="0" cb="0"/><line nr="47" mi="0" ci="5" mb="0" cb="0"/><line nr="49" mi="0" ci="5" mb="0" cb="0"/><line nr="51" mi="0" ci="3" mb="0" cb="0"/><line nr="53" mi="0" ci="3" mb="0" cb="0"/><line nr="55" mi="0" ci="3" mb="0" cb="0"/><line nr="57" mi="0" ci="5" mb="0" cb="0"/><line nr="59" mi="0" ci="5" mb="0" cb="0"/><line nr="61" mi="0" ci="5" mb="0" cb="0"/><line nr="63" mi="0" ci="5" mb="0" cb="0"/><line nr="65" mi="0" ci="5" mb="0" cb="0"/><line nr="67" mi="0" ci="6" mb="0" cb="0"/><line nr="77" mi="2" ci="0" mb="0" cb="0"/><line nr="78" mi="1" ci="0" mb="0" cb="0"/><line nr="99" mi="0" ci="4" mb="0" cb="0"/><line nr="120" mi="0" ci="2" mb="0" cb="2"/><line nr="121" mi="0" ci="2" mb="0" cb="0"/><line nr="124" mi="0" ci="3" mb="0" cb="0"/><line nr="125" mi="0" ci="1" mb="0" cb="0"/><line nr="126" mi="0" ci="2" mb="0" cb="0"/><line nr="148" mi="0" ci="4" mb="0" cb="0"/><line nr="169" mi="0" ci="2" mb="0" cb="2"/><line nr="170" mi="0" ci="2" mb="0" cb="0"/><line nr="173" mi="0" ci="3" mb="0" cb="0"/><line nr="174" mi="0" ci="1" mb="0" cb="0"/><line nr="175" mi="0" ci="2" mb="0" cb="0"/><line nr="198" mi="0" ci="4" mb="0" cb="0"/><line nr="221" mi="0" ci="2" mb="0" cb="2"/><line nr="222" mi="0" ci="2" mb="0" cb="0"/><line nr="225" mi="0" ci="3" mb="0" cb="0"/><line nr="226" mi="0" ci="1" mb="0" cb="0"/><line nr="227" mi="0" ci="2" mb="0" cb="0"/><line nr="250" mi="0" ci="4" mb="0" cb="0"/><line nr="273" mi="0" ci="2" mb="0" cb="2"/><line nr="274" mi="0" ci="2" mb="0" cb="0"/><line nr="277" mi="0" ci="3" mb="0" cb="0"/><line nr="278" mi="0" ci="1" mb="0" cb="0"/><line nr="279" mi="0" ci="2" mb="0" cb="0"/><line nr="302" mi="0" ci="4" mb="0" cb="0"/><line nr="323" mi="0" ci="2" mb="0" cb="2"/><line nr="324" mi="0" ci="2" mb="0" cb="0"/><line nr="327" mi="0" ci="3" mb="0" cb="0"/><line nr="328" mi="0" ci="1" mb="0" cb="0"/><line nr="329" mi="0" ci="2" mb="0" cb="0"/><line nr="351" mi="0" ci="4" mb="0" cb="0"/><line nr="372" mi="0" ci="2" mb="0" cb="2"/><line nr="373" mi="0" ci="2" mb="0" cb="0"/><line nr="376" mi="0" ci="3" mb="0" cb="0"/><line nr="377" mi="0" ci="1" mb="0" cb="0"/><line nr="378" mi="0" ci="2" mb="0" cb="0"/><line nr="445" mi="0" ci="2" mb="0" cb="2"/><line nr="446" mi="0" ci="2" mb="0" cb="0"/><line nr="448" mi="0" ci="3" mb="0" cb="2"/><line nr="449" mi="0" ci="5" mb="0" cb="0"/><line nr="451" mi="0" ci="4" mb="0" cb="2"/><line nr="456" mi="0" ci="2" mb="0" cb="0"/><line nr="458" mi="0" ci="8" mb="1" cb="3"/><line nr="459" mi="0" ci="3" mb="0" cb="0"/><line nr="461" mi="0" ci="7" mb="0" cb="0"/><line nr="465" mi="0" ci="4" mb="0" cb="0"/><line nr="466" mi="0" ci="10" mb="0" cb="0"/><line nr="468" mi="0" ci="3" mb="0" cb="2"/><line nr="470" mi="0" ci="3" mb="0" cb="2"/><line nr="471" mi="0" ci="7" mb="1" cb="3"/><line nr="472" mi="0" ci="12" mb="0" cb="0"/><line nr="474" mi="0" ci="7" mb="0" cb="0"/><line nr="475" mi="0" ci="1" mb="0" cb="0"/><line nr="476" mi="0" ci="6" mb="0" cb="0"/><line nr="478" mi="0" ci="5" mb="0" cb="0"/><line nr="479" mi="0" ci="1" mb="0" cb="0"/><line nr="480" mi="0" ci="3" mb="1" cb="1"/><line nr="481" mi="4" ci="0" mb="2" cb="0"/><line nr="482" mi="12" ci="0" mb="0" cb="0"/><line nr="484" mi="5" ci="0" mb="0" cb="0"/><line nr="485" mi="1" ci="0" mb="0" cb="0"/><line nr="486" mi="0" ci="2" mb="0" cb="0"/><line nr="488" mi="0" ci="2" mb="0" cb="0"/><line nr="490" mi="0" ci="6" mb="1" cb="3"/><line nr="491" mi="0" ci="9" mb="1" cb="3"/><line nr="492" mi="10" ci="0" mb="0" cb="0"/><line nr="493" mi="1" ci="0" mb="0" cb="0"/><line nr="494" mi="0" ci="2" mb="0" cb="0"/><line nr="497" mi="0" ci="8" mb="0" cb="0"/><line nr="498" mi="5" ci="5" mb="3" cb="1"/><line nr="499" mi="0" ci="2" mb="0" cb="4"/><line nr="502" mi="0" ci="2" mb="1" cb="1"/><line nr="503" mi="0" ci="2" mb="1" cb="1"/><line nr="504" mi="5" ci="8" mb="4" cb="2"/><line nr="506" mi="3" ci="0" mb="0" cb="0"/><line nr="507" mi="1" ci="0" mb="0" cb="0"/><line nr="510" mi="3" ci="0" mb="0" cb="0"/><line nr="513" mi="0" ci="12" mb="0" cb="0"/><line nr="517" mi="0" ci="3" mb="0" cb="0"/><line nr="518" mi="2" ci="8" mb="4" cb="2"/><line nr="521" mi="0" ci="2" mb="0" cb="0"/><line nr="524" mi="1" ci="0" mb="0" cb="0"/><line nr="531" mi="0" ci="3" mb="0" cb="0"/><line nr="532" mi="2" ci="9" mb="4" cb="2"/><line nr="533" mi="0" ci="2" mb="0" cb="0"/><line nr="535" mi="1" ci="0" mb="0" cb="0"/><line nr="539" mi="3" ci="0" mb="0" cb="0"/><line nr="540" mi="1" ci="0" mb="0" cb="0"/><line nr="545" mi="0" ci="12" mb="0" cb="0"/><line nr="551" mi="0" ci="9" mb="1" cb="3"/><line nr="552" mi="0" ci="8" mb="0" cb="0"/><line nr="553" mi="0" ci="1" mb="0" cb="0"/><line nr="554" mi="0" ci="2" mb="0" cb="0"/><line nr="556" mi="0" ci="4" mb="1" cb="3"/><line nr="559" mi="0" ci="3" mb="0" cb="0"/><line nr="560" mi="1" ci="0" mb="0" cb="0"/><line nr="564" mi="3" ci="0" mb="0" cb="0"/><line nr="565" mi="1" ci="0" mb="0" cb="0"/><line nr="568" mi="3" ci="0" mb="0" cb="0"/><line nr="572" mi="0" ci="10" mb="1" cb="3"/><line nr="574" mi="0" ci="3" mb="0" cb="0"/><line nr="575" mi="0" ci="10" mb="1" cb="5"/><line nr="576" mi="0" ci="2" mb="0" cb="0"/><line nr="578" mi="1" ci="0" mb="0" cb="0"/><line nr="582" mi="0" ci="3" mb="0" cb="0"/><line nr="583" mi="2" ci="8" mb="4" cb="2"/><line nr="584" mi="0" ci="2" mb="0" cb="0"/><line nr="586" mi="1" ci="0" mb="0" cb="0"/><line nr="590" mi="3" ci="0" mb="0" cb="0"/><line nr="605" mi="0" ci="2" mb="1" cb="1"/><line nr="606" mi="2" ci="0" mb="0" cb="0"/><line nr="608" mi="0" ci="9" mb="0" cb="2"/><line nr="609" mi="0" ci="5" mb="0" cb="2"/><line nr="610" mi="0" ci="2" mb="0" cb="0"/><line nr="613" mi="2" ci="5" mb="1" cb="1"/><line nr="627" mi="0" ci="2" mb="0" cb="2"/><line nr="628" mi="0" ci="2" mb="0" cb="0"/><line nr="630" mi="0" ci="3" mb="0" cb="0"/><line nr="643" mi="0" ci="2" mb="0" cb="2"/><line nr="644" mi="0" ci="2" mb="0" cb="0"/><line nr="646" mi="0" ci="3" mb="0" cb="0"/><line nr="660" mi="0" ci="2" mb="0" cb="2"/><line nr="661" mi="0" ci="2" mb="0" cb="0"/><line nr="664" mi="0" ci="3" mb="0" cb="0"/><line nr="677" mi="0" ci="2" mb="0" cb="2"/><line nr="678" mi="0" ci="2" mb="0" cb="0"/><line nr="680" mi="0" ci="3" mb="0" cb="0"/><line nr="693" mi="0" ci="2" mb="0" cb="2"/><line nr="694" mi="0" ci="2" mb="0" cb="0"/><line nr="696" mi="0" ci="5" mb="0" cb="0"/><line nr="709" mi="0" ci="2" mb="0" cb="2"/><line nr="710" mi="0" ci="2" mb="0" cb="0"/><line nr="713" mi="0" ci="3" mb="1" cb="1"/><line nr="714" mi="5" ci="0" mb="0" cb="0"/><line nr="716" mi="0" ci="5" mb="0" cb="0"/><line nr="731" mi="0" ci="2" mb="0" cb="2"/><line nr="732" mi="0" ci="5" mb="0" cb="0"/><line nr="733" mi="0" ci="3" mb="1" cb="1"/><line nr="734" mi="5" ci="0" mb="0" cb="0"/><line nr="738" mi="0" ci="4" mb="0" cb="0"/><line nr="739" mi="0" ci="8" mb="0" cb="2"/><line nr="740" mi="0" ci="6" mb="0" cb="2"/><line nr="741" mi="0" ci="4" mb="0" cb="0"/><line nr="745" mi="0" ci="2" mb="0" cb="0"/><line nr="758" mi="0" ci="2" mb="0" cb="2"/><line nr="759" mi="0" ci="5" mb="0" cb="0"/><line nr="760" mi="0" ci="3" mb="1" cb="1"/><line nr="761" mi="5" ci="0" mb="0" cb="0"/><line nr="765" mi="0" ci="4" mb="0" cb="0"/><line nr="766" mi="0" ci="8" mb="0" cb="2"/><line nr="767" mi="0" ci="5" mb="0" cb="2"/><line nr="768" mi="0" ci="4" mb="0" cb="0"/><line nr="772" mi="0" ci="2" mb="0" cb="0"/><line nr="785" mi="0" ci="2" mb="0" cb="2"/><line nr="786" mi="0" ci="5" mb="0" cb="0"/><line nr="787" mi="0" ci="3" mb="1" cb="1"/><line nr="788" mi="5" ci="0" mb="0" cb="0"/><line nr="792" mi="0" ci="4" mb="0" cb="0"/><line nr="793" mi="0" ci="8" mb="0" cb="2"/><line nr="794" mi="0" ci="5" mb="0" cb="2"/><line nr="795" mi="0" ci="4" mb="0" cb="0"/><line nr="799" mi="0" ci="2" mb="0" cb="0"/><line nr="812" mi="0" ci="2" mb="0" cb="2"/><line nr="813" mi="0" ci="5" mb="0" cb="0"/><line nr="814" mi="0" ci="3" mb="1" cb="1"/><line nr="815" mi="5" ci="0" mb="0" cb="0"/><line nr="819" mi="0" ci="4" mb="0" cb="0"/><line nr="820" mi="0" ci="8" mb="0" cb="2"/><line nr="821" mi="0" ci="5" mb="0" cb="2"/><line nr="822" mi="0" ci="4" mb="0" cb="0"/><line nr="826" mi="0" ci="2" mb="0" cb="0"/><line nr="840" mi="0" ci="2" mb="0" cb="2"/><line nr="841" mi="0" ci="5" mb="0" cb="0"/><line nr="842" mi="0" ci="3" mb="1" cb="1"/><line nr="843" mi="5" ci="0" mb="0" cb="0"/><line nr="847" mi="0" ci="4" mb="0" cb="0"/><line nr="848" mi="0" ci="8" mb="0" cb="2"/><line nr="849" mi="0" ci="5" mb="1" cb="1"/><line nr="850" mi="2" ci="0" mb="0" cb="0"/><line nr="852" mi="0" ci="6" mb="0" cb="2"/><line nr="853" mi="0" ci="4" mb="0" cb="0"/><line nr="857" mi="0" ci="2" mb="0" cb="0"/><line nr="871" mi="0" ci="2" mb="0" cb="2"/><line nr="872" mi="0" ci="5" mb="0" cb="0"/><line nr="873" mi="0" ci="3" mb="1" cb="1"/><line nr="874" mi="5" ci="0" mb="0" cb="0"/><line nr="878" mi="0" ci="4" mb="0" cb="0"/><line nr="879" mi="0" ci="8" mb="0" cb="2"/><line nr="880" mi="0" ci="5" mb="1" cb="1"/><line nr="881" mi="2" ci="0" mb="0" cb="0"/><line nr="883" mi="0" ci="6" mb="0" cb="2"/><line nr="884" mi="0" ci="4" mb="0" cb="0"/><line nr="888" mi="0" ci="2" mb="0" cb="0"/><line nr="903" mi="0" ci="2" mb="0" cb="2"/><line nr="904" mi="0" ci="5" mb="0" cb="0"/><line nr="905" mi="0" ci="3" mb="1" cb="1"/><line nr="906" mi="5" ci="0" mb="0" cb="0"/><line nr="910" mi="0" ci="4" mb="0" cb="0"/><line nr="911" mi="0" ci="8" mb="0" cb="2"/><line nr="912" mi="0" ci="6" mb="0" cb="2"/><line nr="913" mi="0" ci="4" mb="0" cb="0"/><line nr="917" mi="0" ci="2" mb="0" cb="0"/><line nr="930" mi="0" ci="2" mb="0" cb="2"/><line nr="931" mi="0" ci="5" mb="0" cb="0"/><line nr="932" mi="0" ci="3" mb="1" cb="1"/><line nr="933" mi="5" ci="0" mb="0" cb="0"/><line nr="937" mi="0" ci="4" mb="0" cb="0"/><line nr="938" mi="0" ci="8" mb="0" cb="2"/><line nr="939" mi="0" ci="5" mb="0" cb="2"/><line nr="940" mi="0" ci="4" mb="0" cb="0"/><line nr="944" mi="0" ci="2" mb="0" cb="0"/><line nr="957" mi="0" ci="2" mb="0" cb="2"/><line nr="958" mi="0" ci="5" mb="0" cb="0"/><line nr="959" mi="0" ci="3" mb="1" cb="1"/><line nr="960" mi="5" ci="0" mb="0" cb="0"/><line nr="964" mi="0" ci="4" mb="0" cb="0"/><line nr="965" mi="0" ci="8" mb="0" cb="2"/><line nr="966" mi="0" ci="5" mb="0" cb="2"/><line nr="967" mi="0" ci="4" mb="0" cb="0"/><line nr="971" mi="0" ci="2" mb="0" cb="0"/><line nr="984" mi="0" ci="2" mb="0" cb="2"/><line nr="985" mi="0" ci="5" mb="0" cb="0"/><line nr="986" mi="0" ci="3" mb="1" cb="1"/><line nr="987" mi="5" ci="0" mb="0" cb="0"/><line nr="991" mi="0" ci="4" mb="0" cb="0"/><line nr="992" mi="0" ci="8" mb="0" cb="2"/><line nr="993" mi="0" ci="5" mb="0" cb="2"/><line nr="994" mi="0" ci="4" mb="0" cb="0"/><line nr="998" mi="0" ci="2" mb="0" cb="0"/><line nr="1012" mi="0" ci="2" mb="0" cb="2"/><line nr="1013" mi="0" ci="5" mb="0" cb="0"/><line nr="1014" mi="0" ci="3" mb="1" cb="1"/><line nr="1015" mi="5" ci="0" mb="0" cb="0"/><line nr="1019" mi="0" ci="4" mb="0" cb="0"/><line nr="1020" mi="0" ci="8" mb="0" cb="2"/><line nr="1021" mi="0" ci="5" mb="1" cb="1"/><line nr="1022" mi="2" ci="0" mb="0" cb="0"/><line nr="1024" mi="0" ci="6" mb="0" cb="2"/><line nr="1025" mi="0" ci="4" mb="0" cb="0"/><line nr="1029" mi="0" ci="2" mb="0" cb="0"/><line nr="1043" mi="0" ci="2" mb="0" cb="2"/><line nr="1044" mi="0" ci="5" mb="0" cb="0"/><line nr="1045" mi="0" ci="3" mb="1" cb="1"/><line nr="1046" mi="5" ci="0" mb="0" cb="0"/><line nr="1050" mi="0" ci="4" mb="0" cb="0"/><line nr="1051" mi="0" ci="8" mb="0" cb="2"/><line nr="1052" mi="0" ci="5" mb="1" cb="1"/><line nr="1053" mi="2" ci="0" mb="0" cb="0"/><line nr="1055" mi="0" ci="6" mb="0" cb="2"/><line nr="1056" mi="0" ci="4" mb="0" cb="0"/><line nr="1060" mi="0" ci="2" mb="0" cb="0"/><line nr="1074" mi="0" ci="4" mb="0" cb="2"/><line nr="1075" mi="0" ci="2" mb="0" cb="0"/><line nr="1077" mi="0" ci="4" mb="0" cb="2"/><line nr="1078" mi="0" ci="2" mb="0" cb="0"/><line nr="1080" mi="0" ci="2" mb="0" cb="0"/><line nr="1092" mi="0" ci="3" mb="0" cb="2"/><line nr="1093" mi="0" ci="2" mb="0" cb="0"/><line nr="1095" mi="0" ci="3" mb="0" cb="2"/><line nr="1096" mi="0" ci="2" mb="0" cb="0"/><line nr="1098" mi="0" ci="2" mb="0" cb="0"/><line nr="1110" mi="0" ci="3" mb="0" cb="2"/><line nr="1111" mi="0" ci="2" mb="0" cb="0"/><line nr="1113" mi="0" ci="3" mb="0" cb="2"/><line nr="1114" mi="0" ci="2" mb="0" cb="0"/><line nr="1116" mi="0" ci="2" mb="0" cb="0"/><line nr="1128" mi="0" ci="3" mb="0" cb="2"/><line nr="1129" mi="0" ci="2" mb="0" cb="0"/><line nr="1131" mi="0" ci="3" mb="0" cb="2"/><line nr="1132" mi="0" ci="2" mb="0" cb="0"/><line nr="1134" mi="0" ci="2" mb="0" cb="0"/><line nr="1150" mi="0" ci="6" mb="0" cb="0"/><line nr="1166" mi="0" ci="6" mb="0" cb="0"/><line nr="1180" mi="0" ci="4" mb="0" cb="2"/><line nr="1181" mi="0" ci="2" mb="0" cb="0"/><line nr="1183" mi="0" ci="4" mb="0" cb="2"/><line nr="1184" mi="0" ci="2" mb="0" cb="0"/><line nr="1186" mi="0" ci="2" mb="0" cb="0"/><line nr="1198" mi="0" ci="3" mb="0" cb="2"/><line nr="1199" mi="0" ci="2" mb="0" cb="0"/><line nr="1201" mi="0" ci="3" mb="0" cb="2"/><line nr="1202" mi="0" ci="2" mb="0" cb="0"/><line nr="1204" mi="0" ci="2" mb="0" cb="0"/><line nr="1216" mi="0" ci="3" mb="0" cb="2"/><line nr="1217" mi="0" ci="2" mb="0" cb="0"/><line nr="1219" mi="0" ci="3" mb="0" cb="2"/><line nr="1220" mi="0" ci="2" mb="0" cb="0"/><line nr="1222" mi="0" ci="2" mb="0" cb="0"/><line nr="1234" mi="0" ci="3" mb="0" cb="2"/><line nr="1235" mi="0" ci="2" mb="0" cb="0"/><line nr="1237" mi="0" ci="3" mb="0" cb="2"/><line nr="1238" mi="0" ci="2" mb="0" cb="0"/><line nr="1240" mi="0" ci="2" mb="0" cb="0"/><line nr="1256" mi="0" ci="6" mb="0" cb="0"/><line nr="1272" mi="0" ci="6" mb="0" cb="0"/><line nr="1287" mi="0" ci="3" mb="1" cb="1"/><line nr="1288" mi="2" ci="0" mb="0" cb="0"/><line nr="1290" mi="1" ci="7" mb="1" cb="1"/><line nr="1291" mi="0" ci="5" mb="1" cb="1"/><line nr="1292" mi="0" ci="2" mb="0" cb="0"/><line nr="1295" mi="2" ci="0" mb="0" cb="0"/><line nr="1312" mi="0" ci="3" mb="1" cb="1"/><line nr="1313" mi="2" ci="0" mb="0" cb="0"/><line nr="1315" mi="0" ci="3" mb="0" cb="0"/><line nr="1316" mi="0" ci="3" mb="0" cb="0"/><line nr="1317" mi="0" ci="2" mb="0" cb="0"/><line nr="1318" mi="0" ci="2" mb="0" cb="0"/><line nr="1319" mi="0" ci="2" mb="0" cb="0"/><line nr="1320" mi="0" ci="2" mb="0" cb="0"/><line nr="1322" mi="0" ci="9" mb="0" cb="2"/><line nr="1323" mi="0" ci="5" mb="1" cb="1"/><line nr="1324" mi="0" ci="12" mb="0" cb="4"/><line nr="1325" mi="0" ci="4" mb="0" cb="0"/><line nr="1326" mi="0" ci="3" mb="1" cb="1"/><line nr="1327" mi="2" ci="0" mb="0" cb="0"/><line nr="1330" mi="0" ci="5" mb="0" cb="2"/><line nr="1331" mi="0" ci="10" mb="2" cb="2"/><line nr="1332" mi="0" ci="10" mb="1" cb="3"/><line nr="1333" mi="0" ci="10" mb="2" cb="2"/><line nr="1334" mi="2" ci="0" mb="0" cb="0"/><line nr="1337" mi="0" ci="2" mb="0" cb="0"/><line nr="1340" mi="0" ci="1" mb="0" cb="0"/><line nr="1342" mi="0" ci="2" mb="0" cb="0"/><line nr="1345" mi="2" ci="11" mb="4" cb="4"/><line nr="1346" mi="0" ci="10" mb="0" cb="4"/><line nr="1347" mi="0" ci="2" mb="0" cb="0"/><line nr="1348" mi="0" ci="2" mb="0" cb="0"/><line nr="1350" mi="0" ci="6" mb="0" cb="2"/><line nr="1351" mi="0" ci="4" mb="2" cb="2"/><line nr="1353" mi="2" ci="0" mb="0" cb="0"/><line nr="1355" mi="0" ci="2" mb="0" cb="0"/><line nr="1356" mi="0" ci="11" mb="1" cb="3"/><line nr="1358" mi="0" ci="2" mb="1" cb="1"/><line nr="1360" mi="2" ci="0" mb="0" cb="0"/><line nr="1362" mi="0" ci="2" mb="1" cb="1"/><line nr="1363" mi="2" ci="0" mb="0" cb="0"/><line nr="1365" mi="0" ci="2" mb="0" cb="0"/><line nr="1366" mi="0" ci="2" mb="0" cb="0"/><line nr="1367" mi="5" ci="6" mb="3" cb="1"/><line nr="1368" mi="0" ci="2" mb="1" cb="1"/><line nr="1369" mi="2" ci="0" mb="0" cb="0"/><line nr="1371" mi="0" ci="2" mb="0" cb="0"/><line nr="1372" mi="0" ci="2" mb="0" cb="0"/><line nr="1373" mi="0" ci="1" mb="0" cb="0"/><line nr="1374" mi="2" ci="0" mb="0" cb="0"/><line nr="1376" mi="0" ci="1" mb="0" cb="0"/><line nr="1378" mi="0" ci="4" mb="1" cb="1"/><line nr="1379" mi="0" ci="10" mb="0" cb="4"/><line nr="1381" mi="0" ci="2" mb="0" cb="0"/><line nr="1383" mi="0" ci="10" mb="2" cb="2"/><line nr="1385" mi="2" ci="0" mb="0" cb="0"/><line nr="1387" mi="0" ci="5" mb="0" cb="2"/><line nr="1388" mi="0" ci="4" mb="2" cb="2"/><line nr="1390" mi="2" ci="0" mb="0" cb="0"/><line nr="1393" mi="0" ci="2" mb="0" cb="0"/><line nr="1395" mi="0" ci="2" mb="1" cb="1"/><line nr="1396" mi="0" ci="5" mb="0" cb="2"/><line nr="1397" mi="0" ci="5" mb="1" cb="1"/><line nr="1398" mi="0" ci="5" mb="0" cb="2"/><line nr="1399" mi="0" ci="5" mb="1" cb="1"/><line nr="1400" mi="0" ci="2" mb="0" cb="0"/><line nr="1402" mi="0" ci="5" mb="1" cb="1"/><line nr="1403" mi="0" ci="5" mb="1" cb="1"/><line nr="1405" mi="2" ci="8" mb="3" cb="3"/><line nr="1408" mi="2" ci="0" mb="0" cb="0"/><line nr="1412" mi="8" ci="0" mb="4" cb="0"/><counter type="INSTRUCTION" missed="199" covered="1305"/><counter type="BRANCH" missed="92" covered="266"/><counter type="LINE" missed="54" covered="332"/><counter type="COMPLEXITY" missed="83" covered="145"/><counter type="METHOD" missed="1" covered="47"/><counter type="CLASS" missed="0" covered="1"/></sourcefile><sourcefile name="IEEE754rUtils.java"><line nr="6" mi="0" ci="3" mb="0" cb="0"/><line nr="18" mi="0" ci="2" mb="0" cb="2"/><line nr="19" mi="0" ci="5" mb="0" cb="0"/><line nr="20" mi="0" ci="3" mb="0" cb="2"/><line nr="21" mi="0" ci="5" mb="0" cb="0"/><line nr="25" mi="0" ci="4" mb="0" cb="0"/><line nr="26" mi="0" ci="8" mb="0" cb="2"/><line nr="27" mi="0" ci="6" mb="0" cb="0"/><line nr="30" mi="0" ci="2" mb="0" cb="0"/><line nr="43" mi="0" ci="2" mb="0" cb="2"/><line nr="44" mi="0" ci="5" mb="0" cb="0"/><line nr="45" mi="0" ci="3" mb="0" cb="2"/><line nr="46" mi="0" ci="5" mb="0" cb="0"/><line nr="50" mi="0" ci="4" mb="0" cb="0"/><line nr="51" mi="0" ci="8" mb="0" cb="2"/><line nr="52" mi="0" ci="6" mb="0" cb="0"/><line nr="55" mi="0" ci="2" mb="0" cb="0"/><line nr="69" mi="0" ci="6" mb="0" cb="0"/><line nr="82" mi="0" ci="3" mb="0" cb="2"/><line nr="83" mi="0" ci="2" mb="0" cb="0"/><line nr="85" mi="0" ci="3" mb="0" cb="2"/><line nr="86" mi="0" ci="2" mb="0" cb="0"/><line nr="88" mi="0" ci="4" mb="0" cb="0"/><line nr="103" mi="0" ci="6" mb="0" cb="0"/><line nr="116" mi="0" ci="3" mb="0" cb="2"/><line nr="117" mi="0" ci="2" mb="0" cb="0"/><line nr="119" mi="0" ci="3" mb="0" cb="2"/><line nr="120" mi="0" ci="2" mb="0" cb="0"/><line nr="122" mi="0" ci="4" mb="0" cb="0"/><line nr="136" mi="0" ci="2" mb="0" cb="2"/><line nr="137" mi="0" ci="5" mb="0" cb="0"/><line nr="138" mi="0" ci="3" mb="0" cb="2"/><line nr="139" mi="0" ci="5" mb="0" cb="0"/><line nr="143" mi="0" ci="4" mb="0" cb="0"/><line nr="144" mi="0" ci="8" mb="0" cb="2"/><line nr="145" mi="0" ci="6" mb="0" cb="0"/><line nr="148" mi="0" ci="2" mb="0" cb="0"/><line nr="161" mi="0" ci="2" mb="0" cb="2"/><line nr="162" mi="0" ci="5" mb="0" cb="0"/><line nr="163" mi="0" ci="3" mb="0" cb="2"/><line nr="164" mi="0" ci="5" mb="0" cb="0"/><line nr="168" mi="0" ci="4" mb="0" cb="0"/><line nr="169" mi="0" ci="8" mb="0" cb="2"/><line nr="170" mi="0" ci="6" mb="0" cb="0"/><line nr="173" mi="0" ci="2" mb="0" cb="0"/><line nr="187" mi="0" ci="6" mb="0" cb="0"/><line nr="200" mi="0" ci="3" mb="0" cb="2"/><line nr="201" mi="0" ci="2" mb="0" cb="0"/><line nr="203" mi="0" ci="3" mb="0" cb="2"/><line nr="204" mi="0" ci="2" mb="0" cb="0"/><line nr="206" mi="0" ci="4" mb="0" cb="0"/><line nr="221" mi="0" ci="6" mb="0" cb="0"/><line nr="234" mi="0" ci="3" mb="0" cb="2"/><line nr="235" mi="0" ci="2" mb="0" cb="0"/><line nr="237" mi="0" ci="3" mb="0" cb="2"/><line nr="238" mi="0" ci="2" mb="0" cb="0"/><line nr="240" mi="0" ci="4" mb="0" cb="0"/><counter type="INSTRUCTION" missed="0" covered="223"/><counter type="BRANCH" missed="0" covered="40"/><counter type="LINE" missed="0" covered="57"/><counter type="COMPLEXITY" missed="0" covered="33"/><counter type="METHOD" missed="0" covered="13"/><counter type="CLASS" missed="0" covered="1"/></sourcefile><counter type="INSTRUCTION" missed="379" covered="2654"/><counter type="BRANCH" missed="142" covered="452"/><counter type="LINE" missed="91" covered="645"/><counter type="COMPLEXITY" missed="127" covered="267"/><counter type="METHOD" missed="3" covered="93"/><counter type="CLASS" missed="0" covered="3"/></package><counter type="INSTRUCTION" missed="379" covered="2654"/><counter type="BRANCH" missed="142" covered="452"/><counter type="LINE" missed="91" covered="645"/><counter type="COMPLEXITY" missed="127" covered="267"/><counter type="METHOD" missed="3" covered="93"/><counter type="CLASS" missed="0" covered="3"/></report>